<?xml version="1.0" encoding="UTF-8"?>
<!-- Generated by org.testng.reporters.JUnitXMLReporter -->
<testsuite hostname="Алена-ПК" ignored="0" tests="4" failures="0" timestamp="17 фев 2019 18:13:08 GMT" time="21.735" errors="0">
  <testcase name="CreateGetAndDeletePet" time="7.478" classname="LeasePlanAPITests"/>
  <testcase name="CreateOrderForPet" time="0.836" classname="LeasePlanAPITests"/>
  <testcase name="GetPetById" time="0.738" classname="LeasePlanAPITests"/>
  <testcase name="GetPetsByStatus" time="12.561" classname="LeasePlanAPITests"/>
</testsuite>
